c:\users\mihaela\desktop\phonebook\phonebook\phonebook\x64\debug\phonebook.pch
c:\users\mihaela\desktop\phonebook\phonebook\phonebook\x64\debug\vc143.pdb
c:\users\mihaela\desktop\phonebook\phonebook\phonebook\x64\debug\vc143.idb
c:\users\mihaela\desktop\phonebook\phonebook\phonebook\x64\debug\pch.obj
c:\users\mihaela\desktop\phonebook\phonebook\phonebook\x64\debug\phonetypesdoc.obj
c:\users\mihaela\desktop\phonebook\phonebook\phonebook\x64\debug\phonetypesdata.obj
c:\users\mihaela\desktop\phonebook\phonebook\phonebook\x64\debug\phonetypesdialog.obj
c:\users\mihaela\desktop\phonebook\phonebook\phonebook\x64\debug\phonenumbersdialog.obj
c:\users\mihaela\desktop\phonebook\phonebook\phonebook\x64\debug\phonebook.obj
c:\users\mihaela\desktop\phonebook\phonebook\phonebook\x64\debug\personsview.obj
c:\users\mihaela\desktop\phonebook\phonebook\phonebook\x64\debug\personsdoc.obj
c:\users\mihaela\desktop\phonebook\phonebook\phonebook\x64\debug\personsdialog.obj
c:\users\mihaela\desktop\phonebook\phonebook\phonebook\x64\debug\personsdata.obj
c:\users\mihaela\desktop\phonebook\phonebook\phonebook\x64\debug\persondbmodel.obj
c:\users\mihaela\desktop\phonebook\phonebook\phonebook\x64\debug\mainfrm.obj
c:\users\mihaela\desktop\phonebook\phonebook\phonebook\x64\debug\databasetransactionmanager.obj
c:\users\mihaela\desktop\phonebook\phonebook\phonebook\x64\debug\databasequerybuilder.obj
c:\users\mihaela\desktop\phonebook\phonebook\phonebook\x64\debug\databaseconnection.obj
c:\users\mihaela\desktop\phonebook\phonebook\phonebook\x64\debug\citiesview.obj
c:\users\mihaela\desktop\phonebook\phonebook\phonebook\x64\debug\citiesdoc.obj
c:\users\mihaela\desktop\phonebook\phonebook\phonebook\x64\debug\citiesdata.obj
c:\users\mihaela\desktop\phonebook\phonebook\phonebook\x64\debug\childfrm.obj
c:\users\mihaela\desktop\phonebook\phonebook\phonebook\x64\debug\citiesdialog.obj
c:\users\mihaela\desktop\phonebook\phonebook\phonebook\x64\debug\additionpersoninfo.obj
c:\users\mihaela\desktop\phonebook\phonebook\phonebook\x64\debug\validatedialogcontrolsdata.obj
c:\users\mihaela\desktop\phonebook\phonebook\phonebook\x64\debug\initializesession.obj
c:\users\mihaela\desktop\phonebook\phonebook\phonebook\x64\debug\phonetypeview.obj
c:\users\mihaela\desktop\phonebook\phonebook\x64\debug\phonebook.exe
c:\users\mihaela\desktop\phonebook\phonebook\x64\debug\phonebook.pdb
c:\users\mihaela\desktop\phonebook\phonebook\phonebook\x64\debug\phonebook.res
c:\users\mihaela\desktop\phonebook\phonebook\phonebook\x64\debug\phonebook.ilk
c:\users\mihaela\desktop\phonebook\phonebook\phonebook\x64\debug\phonebook.tlog\cl.command.1.tlog
c:\users\mihaela\desktop\phonebook\phonebook\phonebook\x64\debug\phonebook.tlog\cl.items.tlog
c:\users\mihaela\desktop\phonebook\phonebook\phonebook\x64\debug\phonebook.tlog\cl.read.1.tlog
c:\users\mihaela\desktop\phonebook\phonebook\phonebook\x64\debug\phonebook.tlog\cl.write.1.tlog
c:\users\mihaela\desktop\phonebook\phonebook\phonebook\x64\debug\phonebook.tlog\link.command.1.tlog
c:\users\mihaela\desktop\phonebook\phonebook\phonebook\x64\debug\phonebook.tlog\link.read.1.tlog
c:\users\mihaela\desktop\phonebook\phonebook\phonebook\x64\debug\phonebook.tlog\link.secondary.1.tlog
c:\users\mihaela\desktop\phonebook\phonebook\phonebook\x64\debug\phonebook.tlog\link.write.1.tlog
c:\users\mihaela\desktop\phonebook\phonebook\phonebook\x64\debug\phonebook.tlog\rc.command.1.tlog
c:\users\mihaela\desktop\phonebook\phonebook\phonebook\x64\debug\phonebook.tlog\rc.read.1.tlog
c:\users\mihaela\desktop\phonebook\phonebook\phonebook\x64\debug\phonebook.tlog\rc.write.1.tlog
